mockservice
edp INFO EDP WebServer start, http://192.168.1.103:8830
edp INFO root = [/Users/cgzero/百度云同步盘/htdocs/baidu/imgUploader], listen = [8830] 
edp INFO GET /example/ 200 - - 9.842 ms
edp INFO GET /src/uploader.less 200 - - 127.515 ms
edp INFO GET /example/jquery.js 200 - - 130.609 ms
edp INFO GET /src/main.js 200 - - 2.462 ms
edp INFO GET /src/lib.js 200 - - 3.212 ms
edp INFO GET /dep/webuploader/webuploader.js 200 - - 11.318 ms
edp INFO GET /src/img/sprite_upload.png 200 - - 0.970 ms
edp INFO GET /example/ 200 - - 1.762 ms
edp INFO GET /src/uploader.less 200 - - 29.924 ms
edp INFO GET /example/jquery.js 200 - - 34.680 ms
edp INFO GET /src/main.js 200 - - 2.632 ms
edp INFO GET /src/lib.js 200 - - 1.758 ms
edp INFO GET /dep/webuploader/webuploader.js 200 - - 9.514 ms
edp INFO GET /src/img/sprite_upload.png 200 - - 1.575 ms
edp INFO GET /example/ 200 - - 1.702 ms
edp INFO GET /src/uploader.less 200 - - 28.318 ms
edp INFO GET /example/jquery.js 200 - - 33.402 ms
edp INFO GET /src/main.js 200 - - 2.444 ms
edp INFO GET /src/lib.js 200 - - 1.469 ms
edp INFO GET /dep/webuploader/webuploader.js 200 - - 11.831 ms
edp INFO GET /src/img/sprite_upload.png 200 - - 0.709 ms
edp INFO GET /example/ 200 - - 0.938 ms
edp INFO GET /src/uploader.less 200 - - 17.196 ms
edp INFO GET /example/jquery.js 200 - - 21.615 ms
edp INFO GET /src/main.js 200 - - 3.171 ms
edp INFO GET /src/lib.js 200 - - 1.892 ms
edp INFO GET /dep/webuploader/webuploader.js 200 - - 11.539 ms
edp INFO GET /src/img/sprite_upload.png 200 - - 1.254 ms
edp INFO GET /example/ 200 - - 1.405 ms
edp INFO GET /src/uploader.less 200 - - 36.236 ms
edp INFO GET /example/jquery.js 200 - - 40.871 ms
edp INFO GET /src/main.js 200 - - 1.854 ms
edp INFO GET /src/lib.js 200 - - 1.787 ms
edp INFO GET /dep/webuploader/webuploader.js 200 - - 10.084 ms
edp INFO GET /src/img/sprite_upload.png 200 - - 1.628 ms
edp INFO GET /example/ 200 - - 1.117 ms
edp INFO GET /src/uploader.less 200 - - 15.243 ms
edp INFO GET /example/jquery.js 200 - - 19.899 ms
edp INFO GET /src/main.js 200 - - 6.533 ms
edp INFO GET /src/lib.js 200 - - 5.278 ms
edp INFO GET /dep/webuploader/webuploader.js 200 - - 13.935 ms
edp INFO GET /src/img/sprite_upload.png 200 - - 1.162 ms
edp INFO GET /example/ 200 - - 0.779 ms
edp INFO GET /src/uploader.less 200 - - 12.159 ms
edp INFO GET /example/jquery.js 200 - - 14.853 ms
edp INFO GET /src/main.js 200 - - 2.036 ms
edp INFO GET /src/lib.js 200 - - 1.853 ms
edp INFO GET /dep/webuploader/webuploader.js 200 - - 12.219 ms
edp INFO GET /src/img/sprite_upload.png 200 - - 1.932 ms
edp INFO GET /example/ 200 - - 0.969 ms
edp INFO GET /src/uploader.less 200 - - 16.930 ms
edp INFO GET /example/jquery.js 200 - - 21.584 ms
edp INFO GET /src/main.js 200 - - 2.033 ms
edp INFO GET /src/lib.js 200 - - 1.923 ms
edp INFO GET /dep/webuploader/webuploader.js 200 - - 13.461 ms
edp INFO GET /src/img/sprite_upload.png 200 - - 1.199 ms
edp INFO PHP request:/example/fileuploadajax.php?uid=koubei&id=WU_FILE_0&name=Traveller_app_2.png&type=image%2Fpng&lastModifiedDate=Sat+Apr+11+2015+20%3A03%3A44+GMT%2B0800+(CST)&size=1809566 | /example/fileuploadajax.php
edp INFO POST /example/fileuploadajax.php?uid=koubei&id=WU_FILE_0&name=Traveller_app_2.png&type=image%2Fpng&lastModifiedDate=Sat+Apr+11+2015+20%3A03%3A44+GMT%2B0800+(CST)&size=1809566 200 - - 628.617 ms
edp INFO GET /example/ 200 - - 1.131 ms
edp INFO GET /src/uploader.less 200 - - 23.369 ms
edp INFO GET /example/jquery.js 200 - - 25.694 ms
edp INFO GET /src/main.js 200 - - 2.259 ms
edp INFO GET /src/lib.js 200 - - 1.839 ms
edp INFO GET /dep/webuploader/webuploader.js 200 - - 9.403 ms
edp INFO GET /src/img/sprite_upload.png 200 - - 0.868 ms
edp INFO PHP request:/example/fileuploadajax.php?uid=koubei&id=WU_FILE_0&name=Traveller_app_2.png&type=image%2Fpng&lastModifiedDate=Sat+Apr+11+2015+20%3A03%3A44+GMT%2B0800+(CST)&size=1809566 | /example/fileuploadajax.php
edp INFO POST /example/fileuploadajax.php?uid=koubei&id=WU_FILE_0&name=Traveller_app_2.png&type=image%2Fpng&lastModifiedDate=Sat+Apr+11+2015+20%3A03%3A44+GMT%2B0800+(CST)&size=1809566 200 - - 44.988 ms
edp INFO GET /example/ 200 - - 2.606 ms
edp INFO GET /src/uploader.less 200 - - 18.451 ms
edp INFO GET /example/jquery.js 200 - - 23.024 ms
edp INFO GET /src/main.js 200 - - 2.012 ms
edp INFO GET /src/lib.js 200 - - 1.898 ms
edp INFO GET /dep/webuploader/webuploader.js 200 - - 11.566 ms
edp INFO GET /src/img/sprite_upload.png 200 - - 1.367 ms
edp INFO GET /example/ 200 - - 0.838 ms
edp INFO GET /src/uploader.less 200 - - 25.592 ms
edp INFO GET /example/jquery.js 200 - - 29.632 ms
edp INFO GET /src/main.js 200 - - 2.016 ms
edp INFO GET /src/lib.js 200 - - 1.304 ms
edp INFO GET /dep/webuploader/webuploader.js 200 - - 10.524 ms
edp INFO GET /src/img/sprite_upload.png 200 - - 1.059 ms
edp INFO PHP request:/example/fileuploadajax.php?uid=koubei&id=WU_FILE_0&name=Traveller_app_2.png&type=image%2Fpng&lastModifiedDate=Sat+Apr+11+2015+20%3A03%3A44+GMT%2B0800+(CST)&size=1809566 | /example/fileuploadajax.php
edp INFO POST /example/fileuploadajax.php?uid=koubei&id=WU_FILE_0&name=Traveller_app_2.png&type=image%2Fpng&lastModifiedDate=Sat+Apr+11+2015+20%3A03%3A44+GMT%2B0800+(CST)&size=1809566 200 - - 634.665 ms
edp INFO GET /example/ 200 - - 1.147 ms
edp INFO GET /src/uploader.less 200 - - 39.858 ms
edp INFO GET /example/jquery.js 200 - - 45.973 ms
edp INFO GET /src/main.js 200 - - 2.638 ms
edp INFO GET /src/lib.js 200 - - 3.593 ms
edp INFO GET /dep/webuploader/webuploader.js 200 - - 13.331 ms
edp INFO GET /src/img/sprite_upload.png 200 - - 1.057 ms
edp INFO PHP request:/example/fileuploadajax.php?uid=koubei&id=WU_FILE_1&name=03a4443862867972e2f7a70474c8b3c1.png&type=image%2Fpng&lastModifiedDate=Sun+Mar+15+2015+01%3A19%3A14+GMT%2B0800+(CST)&size=1678584 | /example/fileuploadajax.php
edp INFO POST /example/fileuploadajax.php?uid=koubei&id=WU_FILE_1&name=03a4443862867972e2f7a70474c8b3c1.png&type=image%2Fpng&lastModifiedDate=Sun+Mar+15+2015+01%3A19%3A14+GMT%2B0800+(CST)&size=1678584 200 - - 42.332 ms
edp INFO GET /example/ 200 - - 0.951 ms
edp INFO GET /src/uploader.less 200 - - 10.052 ms
edp INFO GET /example/jquery.js 200 - - 14.938 ms
edp INFO GET /src/main.js 200 - - 2.059 ms
edp INFO GET /src/lib.js 200 - - 2.250 ms
edp INFO GET /dep/webuploader/webuploader.js 200 - - 12.706 ms
edp INFO GET /src/img/sprite_upload.png 200 - - 1.870 ms
edp INFO GET /example/ 200 - - 0.958 ms
edp INFO GET /src/uploader.less 200 - - 13.802 ms
edp INFO GET /example/jquery.js 200 - - 18.923 ms
edp INFO GET /src/main.js 200 - - 2.093 ms
edp INFO GET /src/lib.js 200 - - 1.693 ms
edp INFO GET /dep/webuploader/webuploader.js 200 - - 11.532 ms
edp INFO GET /src/img/sprite_upload.png 200 - - 1.304 ms
edp INFO GET /example/ 200 - - 1.014 ms
edp INFO GET /src/uploader.less 200 - - 17.692 ms
edp INFO GET /example/jquery.js 200 - - 21.590 ms
edp INFO GET /src/main.js 200 - - 2.110 ms
edp INFO GET /src/lib.js 200 - - 1.927 ms
edp INFO GET /dep/webuploader/webuploader.js 200 - - 10.760 ms
edp INFO GET /src/img/sprite_upload.png 200 - - 2.348 ms
edp INFO PHP request:/example/fileuploadajax.php?uid=koubei&id=WU_FILE_0&name=Traveller_app_2.png&type=image%2Fpng&lastModifiedDate=Sat+Apr+11+2015+20%3A03%3A44+GMT%2B0800+(CST)&size=1809566 | /example/fileuploadajax.php
edp INFO POST /example/fileuploadajax.php?uid=koubei&id=WU_FILE_0&name=Traveller_app_2.png&type=image%2Fpng&lastModifiedDate=Sat+Apr+11+2015+20%3A03%3A44+GMT%2B0800+(CST)&size=1809566 200 - - 126.451 ms
edp INFO PHP request:/example/fileuploadajax.php?uid=koubei&id=WU_FILE_2&name=authimg.png&type=image%2Fpng&lastModifiedDate=Sat+May+09+2015+22%3A37%3A04+GMT%2B0800+(CST)&size=196 | /example/fileuploadajax.php
edp INFO POST /example/fileuploadajax.php?uid=koubei&id=WU_FILE_2&name=authimg.png&type=image%2Fpng&lastModifiedDate=Sat+May+09+2015+22%3A37%3A04+GMT%2B0800+(CST)&size=196 200 - - 49.659 ms
edp INFO GET /example/ 200 - - 0.818 ms
edp INFO GET /src/uploader.less 200 - - 20.885 ms
edp INFO GET /example/jquery.js 200 - - 26.141 ms
edp INFO GET /src/main.js 200 - - 2.228 ms
edp INFO GET /src/lib.js 200 - - 1.325 ms
edp INFO GET /dep/webuploader/webuploader.js 200 - - 10.826 ms
edp INFO GET /src/img/sprite_upload.png 200 - - 0.834 ms
edp INFO PHP request:/example/fileuploadajax.php?uid=koubei&id=WU_FILE_1&name=Traveller_app_2.png&type=image%2Fpng&lastModifiedDate=Sat+Apr+11+2015+20%3A03%3A44+GMT%2B0800+(CST)&size=1809566 | /example/fileuploadajax.php
edp INFO POST /example/fileuploadajax.php?uid=koubei&id=WU_FILE_1&name=Traveller_app_2.png&type=image%2Fpng&lastModifiedDate=Sat+Apr+11+2015+20%3A03%3A44+GMT%2B0800+(CST)&size=1809566 200 - - 544.877 ms
edp INFO GET /example/ 200 - - 1.492 ms
edp INFO GET /src/uploader.less 200 - - 19.838 ms
edp INFO GET /example/jquery.js 200 - - 24.402 ms
edp INFO GET /src/main.js 200 - - 2.511 ms
edp INFO GET /src/lib.js 200 - - 7.005 ms
edp INFO GET /dep/webuploader/webuploader.js 200 - - 13.961 ms
edp INFO GET /src/img/sprite_upload.png 200 - - 1.893 ms
edp INFO PHP request:/example/fileuploadajax.php?uid=koubei&id=WU_FILE_1&name=03a4443862867972e2f7a70474c8b3c1.png&type=image%2Fpng&lastModifiedDate=Sun+Mar+15+2015+01%3A19%3A14+GMT%2B0800+(CST)&size=1678584 | /example/fileuploadajax.php
edp INFO POST /example/fileuploadajax.php?uid=koubei&id=WU_FILE_1&name=03a4443862867972e2f7a70474c8b3c1.png&type=image%2Fpng&lastModifiedDate=Sun+Mar+15+2015+01%3A19%3A14+GMT%2B0800+(CST)&size=1678584 200 - - 126.323 ms
edp INFO GET /example/ 200 - - 1.023 ms
edp INFO GET /src/uploader.less 200 - - 31.993 ms
edp INFO GET /example/jquery.js 200 - - 36.884 ms
edp INFO GET /src/main.js 200 - - 2.363 ms
edp INFO GET /src/lib.js 200 - - 8.304 ms
edp INFO GET /dep/webuploader/webuploader.js 200 - - 14.804 ms
edp INFO GET /src/img/sprite_upload.png 200 - - 1.014 ms
edp INFO PHP request:/example/fileuploadajax.php?uid=koubei&id=WU_FILE_0&name=Traveller_app_2.png&type=image%2Fpng&lastModifiedDate=Sat+Apr+11+2015+20%3A03%3A44+GMT%2B0800+(CST)&size=1809566 | /example/fileuploadajax.php
edp INFO POST /example/fileuploadajax.php?uid=koubei&id=WU_FILE_0&name=Traveller_app_2.png&type=image%2Fpng&lastModifiedDate=Sat+Apr+11+2015+20%3A03%3A44+GMT%2B0800+(CST)&size=1809566 200 - - 45.144 ms
edp INFO GET /example/ 200 - - 1.058 ms
edp INFO GET /src/uploader.less 200 - - 13.281 ms
edp INFO GET /example/jquery.js 200 - - 18.643 ms
edp INFO GET /src/main.js 200 - - 2.224 ms
edp INFO GET /src/lib.js 200 - - 4.705 ms
edp INFO GET /dep/webuploader/webuploader.js 200 - - 12.565 ms
edp INFO GET /src/img/sprite_upload.png 200 - - 1.045 ms
edp INFO PHP request:/example/fileuploadajax.php?uid=koubei&id=WU_FILE_0&name=Traveller_app_2.png&type=image%2Fpng&lastModifiedDate=Sat+Apr+11+2015+20%3A03%3A44+GMT%2B0800+(CST)&size=1809566 | /example/fileuploadajax.php
edp INFO POST /example/fileuploadajax.php?uid=koubei&id=WU_FILE_0&name=Traveller_app_2.png&type=image%2Fpng&lastModifiedDate=Sat+Apr+11+2015+20%3A03%3A44+GMT%2B0800+(CST)&size=1809566 200 - - 43.616 ms
edp INFO GET /example/ 200 - - 0.957 ms
edp INFO GET /src/uploader.less 200 - - 10.371 ms
edp INFO GET /example/jquery.js 200 - - 15.467 ms
edp INFO GET /src/main.js 200 - - 1.932 ms
edp INFO GET /src/lib.js 200 - - 1.933 ms
edp INFO GET /dep/webuploader/webuploader.js 200 - - 11.301 ms
edp INFO GET /src/img/sprite_upload.png 200 - - 1.223 ms
edp INFO GET /example/ 200 - - 0.939 ms
edp INFO GET /src/uploader.less 200 - - 8.036 ms
edp INFO GET /example/jquery.js 200 - - 12.239 ms
edp INFO GET /src/main.js 200 - - 2.782 ms
edp INFO GET /src/lib.js 200 - - 1.580 ms
edp INFO GET /dep/webuploader/webuploader.js 200 - - 10.969 ms
edp INFO GET /src/img/sprite_upload.png 200 - - 0.913 ms
edp INFO PHP request:/example/fileuploadajax.php?uid=koubei&id=WU_FILE_0&name=Traveller_app_2.png&type=image%2Fpng&lastModifiedDate=Sat+Apr+11+2015+20%3A03%3A44+GMT%2B0800+(CST)&size=1809566 | /example/fileuploadajax.php
edp INFO POST /example/fileuploadajax.php?uid=koubei&id=WU_FILE_0&name=Traveller_app_2.png&type=image%2Fpng&lastModifiedDate=Sat+Apr+11+2015+20%3A03%3A44+GMT%2B0800+(CST)&size=1809566 200 - - 133.002 ms
edp INFO GET /example/ 200 - - 0.852 ms
edp INFO GET /src/uploader.less 200 - - 14.708 ms
edp INFO GET /example/jquery.js 200 - - 19.225 ms
edp INFO GET /src/main.js 200 - - 2.619 ms
edp INFO GET /src/lib.js 200 - - 5.041 ms
edp INFO GET /dep/webuploader/webuploader.js 200 - - 12.809 ms
edp INFO GET /src/img/sprite_upload.png 200 - - 1.666 ms
edp INFO PHP request:/example/fileuploadajax.php?uid=koubei&id=WU_FILE_1&name=Traveller_app_2.png&type=image%2Fpng&lastModifiedDate=Sat+Apr+11+2015+20%3A03%3A44+GMT%2B0800+(CST)&size=1809566 | /example/fileuploadajax.php
edp INFO POST /example/fileuploadajax.php?uid=koubei&id=WU_FILE_1&name=Traveller_app_2.png&type=image%2Fpng&lastModifiedDate=Sat+Apr+11+2015+20%3A03%3A44+GMT%2B0800+(CST)&size=1809566 200 - - 123.307 ms
edp INFO GET /example/ 200 - - 0.937 ms
edp INFO GET /src/uploader.less 200 - - 12.144 ms
edp INFO GET /example/jquery.js 200 - - 16.640 ms
edp INFO GET /src/main.js 200 - - 2.567 ms
edp INFO GET /src/lib.js 200 - - 2.148 ms
edp INFO GET /dep/webuploader/webuploader.js 200 - - 11.390 ms
edp INFO GET /src/img/sprite_upload.png 200 - - 0.974 ms
edp INFO PHP request:/example/fileuploadajax.php?uid=koubei&id=WU_FILE_0&name=Traveller_app_2.png&type=image%2Fpng&lastModifiedDate=Sat+Apr+11+2015+20%3A03%3A44+GMT%2B0800+(CST)&size=1809566 | /example/fileuploadajax.php
edp INFO POST /example/fileuploadajax.php?uid=koubei&id=WU_FILE_0&name=Traveller_app_2.png&type=image%2Fpng&lastModifiedDate=Sat+Apr+11+2015+20%3A03%3A44+GMT%2B0800+(CST)&size=1809566 200 - - 42.518 ms
edp INFO GET /example/ 200 - - 1.006 ms
edp INFO GET /src/uploader.less 200 - - 44.903 ms
edp INFO GET /example/jquery.js 200 - - 50.164 ms
edp INFO GET /src/main.js 200 - - 1.624 ms
edp INFO GET /src/lib.js 200 - - 1.675 ms
edp INFO GET /dep/webuploader/webuploader.js 200 - - 12.232 ms
edp INFO GET /src/img/sprite_upload.png 200 - - 1.022 ms
edp INFO GET /favicon.ico 404 - - 2.302 ms
edp INFO PHP request:/example/fileuploadajax.php?uid=koubei&id=WU_FILE_0&name=Traveller_app_2.png&type=image%2Fpng&lastModifiedDate=Sat+Apr+11+2015+20%3A03%3A44+GMT%2B0800+(CST)&size=1809566 | /example/fileuploadajax.php
edp INFO POST /example/fileuploadajax.php?uid=koubei&id=WU_FILE_0&name=Traveller_app_2.png&type=image%2Fpng&lastModifiedDate=Sat+Apr+11+2015+20%3A03%3A44+GMT%2B0800+(CST)&size=1809566 200 - - 45.298 ms
edp INFO GET /example/ 200 - - 0.888 ms
edp INFO GET /src/uploader.less 200 - - 16.054 ms
edp INFO GET /example/jquery.js 200 - - 20.648 ms
edp INFO GET /src/main.js 200 - - 1.977 ms
edp INFO GET /src/lib.js 200 - - 2.578 ms
edp INFO GET /dep/webuploader/webuploader.js 200 - - 11.926 ms
edp INFO GET /src/img/sprite_upload.png 200 - - 0.751 ms
edp INFO PHP request:/example/fileuploadajax.php?uid=koubei&id=WU_FILE_0&name=Traveller_app_2.png&type=image%2Fpng&lastModifiedDate=Sat+Apr+11+2015+20%3A03%3A44+GMT%2B0800+(CST)&size=1809566 | /example/fileuploadajax.php
edp INFO POST /example/fileuploadajax.php?uid=koubei&id=WU_FILE_0&name=Traveller_app_2.png&type=image%2Fpng&lastModifiedDate=Sat+Apr+11+2015+20%3A03%3A44+GMT%2B0800+(CST)&size=1809566 200 - - 45.673 ms
edp INFO GET /example/ 200 - - 1.030 ms
edp INFO GET /src/uploader.less 200 - - 20.516 ms
edp INFO GET /example/jquery.js 200 - - 25.793 ms
edp INFO GET /src/main.js 200 - - 2.075 ms
edp INFO GET /src/lib.js 200 - - 1.737 ms
edp INFO GET /dep/webuploader/webuploader.js 200 - - 12.285 ms
edp INFO GET /src/img/sprite_upload.png 200 - - 0.772 ms
edp INFO PHP request:/example/fileuploadajax.php?uid=koubei&id=WU_FILE_0&name=Traveller_app_2.png&type=image%2Fpng&lastModifiedDate=Sat+Apr+11+2015+20%3A03%3A44+GMT%2B0800+(CST)&size=1809566 | /example/fileuploadajax.php
edp INFO POST /example/fileuploadajax.php?uid=koubei&id=WU_FILE_0&name=Traveller_app_2.png&type=image%2Fpng&lastModifiedDate=Sat+Apr+11+2015+20%3A03%3A44+GMT%2B0800+(CST)&size=1809566 200 - - 44.748 ms
edp INFO GET /example/ 200 - - 0.772 ms
edp INFO GET /src/uploader.less 200 - - 10.104 ms
edp INFO GET /example/jquery.js 200 - - 14.839 ms
edp INFO GET /src/main.js 200 - - 2.348 ms
edp INFO GET /src/lib.js 200 - - 3.792 ms
edp INFO GET /dep/webuploader/webuploader.js 200 - - 12.827 ms
edp INFO GET /src/img/sprite_upload.png 200 - - 1.470 ms
edp INFO PHP request:/example/fileuploadajax.php?uid=koubei&id=WU_FILE_0&name=Traveller_app_2.png&type=image%2Fpng&lastModifiedDate=Sat+Apr+11+2015+20%3A03%3A44+GMT%2B0800+(CST)&size=1809566 | /example/fileuploadajax.php
edp INFO POST /example/fileuploadajax.php?uid=koubei&id=WU_FILE_0&name=Traveller_app_2.png&type=image%2Fpng&lastModifiedDate=Sat+Apr+11+2015+20%3A03%3A44+GMT%2B0800+(CST)&size=1809566 200 - - 129.596 ms
edp INFO GET /example/ 200 - - 0.885 ms
edp INFO GET /src/uploader.less 200 - - 11.968 ms
edp INFO GET /example/jquery.js 200 - - 16.045 ms
edp INFO GET /src/main.js 200 - - 2.056 ms
edp INFO GET /src/lib.js 200 - - 2.756 ms
edp INFO GET /dep/webuploader/webuploader.js 200 - - 14.883 ms
edp INFO GET /src/img/sprite_upload.png 200 - - 1.112 ms
edp INFO PHP request:/example/fileuploadajax.php?uid=koubei&id=WU_FILE_0&name=Traveller_app_2.png&type=image%2Fpng&lastModifiedDate=Sat+Apr+11+2015+20%3A03%3A44+GMT%2B0800+(CST)&size=1809566 | /example/fileuploadajax.php
edp INFO POST /example/fileuploadajax.php?uid=koubei&id=WU_FILE_0&name=Traveller_app_2.png&type=image%2Fpng&lastModifiedDate=Sat+Apr+11+2015+20%3A03%3A44+GMT%2B0800+(CST)&size=1809566 200 - - 48.005 ms
